# JRE version: Java(TM) SE Runtime Environment (8.0_91-b14) (build 1.8.0_91-b14)
# Java VM: Java HotSpot(TM) 64-Bit Server VM (25.91-b14 mixed mode windows-amd64 compressed oops)
Heap:
 PSYoungGen      total 120832K, used 32247K [0x000000076b380000, 0x0000000773600000, 0x00000007c0000000)
  eden space 110080K, 29% used [0x000000076b380000,0x000000076d2fdd80,0x0000000771f00000)
  from space 10752K, 0% used [0x0000000772980000,0x0000000772980000,0x0000000773400000)
  to   space 10752K, 0% used [0x0000000771f00000,0x0000000771f00000,0x0000000772980000)
 ParOldGen       total 111104K, used 8595K [0x00000006c1a00000, 0x00000006c8680000, 0x000000076b380000)
  object space 111104K, 7% used [0x00000006c1a00000,0x00000006c2264d98,0x00000006c8680000)
 Metaspace       used 31707K, capacity 33124K, committed 33152K, reserved 1079296K
  class space    used 5063K, capacity 5236K, committed 5248K, reserved 1048576K
GC Heap History (10 events):
Event: 3.441 GC heap before
{Heap before GC invocations=2 (full 0):
 PSYoungGen      total 76288K, used 18891K [0x000000076b380000, 0x0000000770880000, 0x00000007c0000000)
  eden space 65536K, 13% used [0x000000076b380000,0x000000076bc4d4c8,0x000000076f380000)
  from space 10752K, 91% used [0x000000076f380000,0x000000076fd25768,0x000000076fe00000)
  to   space 10752K, 0% used [0x000000076fe00000,0x000000076fe00000,0x0000000770880000)
 ParOldGen       total 175104K, used 80K [0x00000006c1a00000, 0x00000006cc500000, 0x000000076b380000)
  object space 175104K, 0% used [0x00000006c1a00000,0x00000006c1a14010,0x00000006cc500000)
 Metaspace       used 16910K, capacity 17526K, committed 17664K, reserved 1069056K
  class space    used 2345K, capacity 2477K, committed 2560K, reserved 1048576K
Event: 3.445 GC heap after
Heap after GC invocations=2 (full 0):
 PSYoungGen      total 76288K, used 4768K [0x000000076b380000, 0x0000000770880000, 0x00000007c0000000)
  eden space 65536K, 0% used [0x000000076b380000,0x000000076b380000,0x000000076f380000)
  from space 10752K, 44% used [0x000000076fe00000,0x00000007702a8348,0x0000000770880000)
  to   space 10752K, 0% used [0x000000076f380000,0x000000076f380000,0x000000076fe00000)
 ParOldGen       total 175104K, used 88K [0x00000006c1a00000, 0x00000006cc500000, 0x000000076b380000)
  object space 175104K, 0% used [0x00000006c1a00000,0x00000006c1a16010,0x00000006cc500000)
 Metaspace       used 16910K, capacity 17526K, committed 17664K, reserved 1069056K
  class space    used 2345K, capacity 2477K, committed 2560K, reserved 1048576K
}
Event: 3.446 GC heap before
{Heap before GC invocations=3 (full 1):
 PSYoungGen      total 76288K, used 4768K [0x000000076b380000, 0x0000000770880000, 0x00000007c0000000)
  eden space 65536K, 0% used [0x000000076b380000,0x000000076b380000,0x000000076f380000)
  from space 10752K, 44% used [0x000000076fe00000,0x00000007702a8348,0x0000000770880000)
  to   space 10752K, 0% used [0x000000076f380000,0x000000076f380000,0x000000076fe00000)
 ParOldGen       total 175104K, used 88K [0x00000006c1a00000, 0x00000006cc500000, 0x000000076b380000)
  object space 175104K, 0% used [0x00000006c1a00000,0x00000006c1a16010,0x00000006cc500000)
 Metaspace       used 16910K, capacity 17526K, committed 17664K, reserved 1069056K
  class space    used 2345K, capacity 2477K, committed 2560K, reserved 1048576K
Event: 3.467 GC heap after
Heap after GC invocations=3 (full 1):
 PSYoungGen      total 76288K, used 0K [0x000000076b380000, 0x0000000770880000, 0x00000007c0000000)
  eden space 65536K, 0% used [0x000000076b380000,0x000000076b380000,0x000000076f380000)
  from space 10752K, 0% used [0x000000076fe00000,0x000000076fe00000,0x0000000770880000)
  to   space 10752K, 0% used [0x000000076f380000,0x000000076f380000,0x000000076fe00000)
 ParOldGen       total 87040K, used 4658K [0x00000006c1a00000, 0x00000006c6f00000, 0x000000076b380000)
  object space 87040K, 5% used [0x00000006c1a00000,0x00000006c1e8cab8,0x00000006c6f00000)
 Metaspace       used 16910K, capacity 17526K, committed 17664K, reserved 1067008K
  class space    used 2345K, capacity 2477K, committed 2560K, reserved 1048576K
}
Event: 11.764 GC heap before
{Heap before GC invocations=4 (full 1):
 PSYoungGen      total 76288K, used 65536K [0x000000076b380000, 0x0000000770880000, 0x00000007c0000000)
  eden space 65536K, 100% used [0x000000076b380000,0x000000076f380000,0x000000076f380000)
  from space 10752K, 0% used [0x000000076fe00000,0x000000076fe00000,0x0000000770880000)
  to   space 10752K, 0% used [0x000000076f380000,0x000000076f380000,0x000000076fe00000)
 ParOldGen       total 87040K, used 4658K [0x00000006c1a00000, 0x00000006c6f00000, 0x000000076b380000)
  object space 87040K, 5% used [0x00000006c1a00000,0x00000006c1e8cab8,0x00000006c6f00000)
 Metaspace       used 26515K, capacity 27612K, committed 27776K, reserved 1073152K
  class space    used 4229K, capacity 4365K, committed 4480K, reserved 1048576K
Event: 11.775 GC heap after
Heap after GC invocations=4 (full 1):
 PSYoungGen      total 76288K, used 9113K [0x000000076b380000, 0x0000000773400000, 0x00000007c0000000)
  eden space 65536K, 0% used [0x000000076b380000,0x000000076b380000,0x000000076f380000)
  from space 10752K, 84% used [0x000000076f380000,0x000000076fc66768,0x000000076fe00000)
  to   space 10752K, 0% used [0x0000000772980000,0x0000000772980000,0x0000000773400000)
 ParOldGen       total 87040K, used 4666K [0x00000006c1a00000, 0x00000006c6f00000, 0x000000076b380000)
  object space 87040K, 5% used [0x00000006c1a00000,0x00000006c1e8eab8,0x00000006c6f00000)
 Metaspace       used 26515K, capacity 27612K, committed 27776K, reserved 1073152K
  class space    used 4229K, capacity 4365K, committed 4480K, reserved 1048576K
}
Event: 11.997 GC heap before
{Heap before GC invocations=5 (full 1):
 PSYoungGen      total 76288K, used 25263K [0x000000076b380000, 0x0000000773400000, 0x00000007c0000000)
  eden space 65536K, 24% used [0x000000076b380000,0x000000076c3457a0,0x000000076f380000)
  from space 10752K, 84% used [0x000000076f380000,0x000000076fc66768,0x000000076fe00000)
  to   space 10752K, 0% used [0x0000000772980000,0x0000000772980000,0x0000000773400000)
 ParOldGen       total 87040K, used 4666K [0x00000006c1a00000, 0x00000006c6f00000, 0x000000076b380000)
  object space 87040K, 5% used [0x00000006c1a00000,0x00000006c1e8eab8,0x00000006c6f00000)
 Metaspace       used 28202K, capacity 29290K, committed 29440K, reserved 1075200K
  class space    used 4542K, capacity 4688K, committed 4736K, reserved 1048576K
Event: 12.002 GC heap after
Heap after GC invocations=5 (full 1):
 PSYoungGen      total 120832K, used 5027K [0x000000076b380000, 0x0000000773600000, 0x00000007c0000000)
  eden space 110080K, 0% used [0x000000076b380000,0x000000076b380000,0x0000000771f00000)
  from space 10752K, 46% used [0x0000000772980000,0x0000000772e68c60,0x0000000773400000)
  to   space 10752K, 0% used [0x0000000771f00000,0x0000000771f00000,0x0000000772980000)
 ParOldGen       total 87040K, used 4666K [0x00000006c1a00000, 0x00000006c6f00000, 0x000000076b380000)
  object space 87040K, 5% used [0x00000006c1a00000,0x00000006c1e8eab8,0x00000006c6f00000)
 Metaspace       used 28202K, capacity 29290K, committed 29440K, reserved 1075200K
  class space    used 4542K, capacity 4688K, committed 4736K, reserved 1048576K
}
Event: 12.002 GC heap before
{Heap before GC invocations=6 (full 2):
 PSYoungGen      total 120832K, used 5027K [0x000000076b380000, 0x0000000773600000, 0x00000007c0000000)
  eden space 110080K, 0% used [0x000000076b380000,0x000000076b380000,0x0000000771f00000)
  from space 10752K, 46% used [0x0000000772980000,0x0000000772e68c60,0x0000000773400000)
  to   space 10752K, 0% used [0x0000000771f00000,0x0000000771f00000,0x0000000772980000)
 ParOldGen       total 87040K, used 4666K [0x00000006c1a00000, 0x00000006c6f00000, 0x000000076b380000)
  object space 87040K, 5% used [0x00000006c1a00000,0x00000006c1e8eab8,0x00000006c6f00000)
 Metaspace       used 28202K, capacity 29290K, committed 29440K, reserved 1075200K
  class space    used 4542K, capacity 4688K, committed 4736K, reserved 1048576K
Event: 12.031 GC heap after
Heap after GC invocations=6 (full 2):
 PSYoungGen      total 120832K, used 0K [0x000000076b380000, 0x0000000773600000, 0x00000007c0000000)
  eden space 110080K, 0% used [0x000000076b380000,0x000000076b380000,0x0000000771f00000)
  from space 10752K, 0% used [0x0000000772980000,0x0000000772980000,0x0000000773400000)
  to   space 10752K, 0% used [0x0000000771f00000,0x0000000771f00000,0x0000000772980000)
 ParOldGen       total 111104K, used 8595K [0x00000006c1a00000, 0x00000006c8680000, 0x000000076b380000)
  object space 111104K, 7% used [0x00000006c1a00000,0x00000006c2264d98,0x00000006c8680000)
 Metaspace       used 28202K, capacity 29290K, committed 29440K, reserved 1075200K
  class space    used 4542K, capacity 4688K, committed 4736K, reserved 1048576K
}

